[debug] [2022-06-20T00:17:10.149Z] ----------------------------------------------------------------------
[debug] [2022-06-20T00:17:10.154Z] Command:       C:\Program Files\nodejs\node.exe C:\Users\Lenovo\AppData\Roaming\npm\node_modules\firebase-tools\lib\bin\firebase.js init
[debug] [2022-06-20T00:17:10.155Z] CLI Version:   10.7.1
[debug] [2022-06-20T00:17:10.155Z] Platform:      win32
[debug] [2022-06-20T00:17:10.156Z] Node Version:  v16.13.0
[debug] [2022-06-20T00:17:10.169Z] Time:          Mon Jun 20 2022 01:17:10 GMT+0100 (West Africa Standard Time)
[debug] [2022-06-20T00:17:10.170Z] ----------------------------------------------------------------------
[debug] 
[debug] [2022-06-20T00:17:10.193Z] > command requires scopes: ["email","openid","https://www.googleapis.com/auth/cloudplatformprojects.readonly","https://www.googleapis.com/auth/firebase","https://www.googleapis.com/auth/cloud-platform"]
[debug] [2022-06-20T00:17:10.194Z] > authorizing via signed-in user (michaelchinye2018@gmail.com)
[info] 
     ######## #### ########  ######## ########     ###     ######  ########
     ##        ##  ##     ## ##       ##     ##  ##   ##  ##       ##
     ######    ##  ########  ######   ########  #########  ######  ######
     ##        ##  ##    ##  ##       ##     ## ##     ##       ## ##
     ##       #### ##     ## ######## ########  ##     ##  ######  ########

You're about to initialize a Firebase project in this directory:

  C:\Users\Lenovo\Documents\Visual Studio Code\Projects\My Work Space\React-Apps\netflix-clone

[info] 
=== Project Setup
[info] 
[info] First, let's associate this project directory with a Firebase project.
[info] You can create multiple project aliases by running firebase use --add, 
[info] but for now we'll just set up a default project.
[info] 
[debug] [2022-06-20T00:17:40.534Z] > refreshing access token with scopes: []
[debug] [2022-06-20T00:17:40.536Z] >>> HTTP REQUEST POST https://www.googleapis.com/oauth2/v3/token  
 <request body omitted>
[debug] [2022-06-20T00:17:42.351Z] <<< HTTP RESPONSE 200 {"pragma":"no-cache","expires":"Mon, 01 Jan 1990 00:00:00 GMT","date":"Mon, 20 Jun 2022 00:17:43 GMT","cache-control":"no-cache, no-store, max-age=0, must-revalidate","content-type":"application/json; charset=utf-8","vary":"X-Origin, Referer, Origin,Accept-Encoding","server":"scaffolding on HTTPServer2","x-xss-protection":"0","x-frame-options":"SAMEORIGIN","x-content-type-options":"nosniff","alt-svc":"h3=\":443\"; ma=2592000,h3-29=\":443\"; ma=2592000,h3-Q050=\":443\"; ma=2592000,h3-Q046=\":443\"; ma=2592000,h3-Q043=\":443\"; ma=2592000,quic=\":443\"; ma=2592000; v=\"46,43\"","accept-ranges":"none","transfer-encoding":"chunked"}
[debug] [2022-06-20T00:17:42.378Z] >>> [apiv2][query] GET https://firebase.googleapis.com/v1beta1/projects pageSize=100
[debug] [2022-06-20T00:17:44.762Z] <<< [apiv2][status] GET https://firebase.googleapis.com/v1beta1/projects 200
[debug] [2022-06-20T00:17:44.763Z] <<< [apiv2][body] GET https://firebase.googleapis.com/v1beta1/projects [omitted]
[info] i  Using project react-apps-e4b90 (react-apps) 
[info] 
=== Hosting Setup
[info] 
[info] Your public directory is the folder (relative to your project directory) that
[info] will contain Hosting assets to be uploaded with firebase deploy. If you
[info] have a build process for your assets, use your build's output directory.
[info] 
[debug] [2022-06-20T00:18:31.365Z] >>> [apiv2][query] GET https://www.gstatic.com/firebasejs/releases.json [none]
[debug] [2022-06-20T00:18:33.065Z] <<< [apiv2][status] GET https://www.gstatic.com/firebasejs/releases.json 200
[debug] [2022-06-20T00:18:33.065Z] <<< [apiv2][body] GET https://www.gstatic.com/firebasejs/releases.json {"current":{"version":"9.8.3","browserURL":"https://www.gstatic.com/firebasejs/9.8.3/firebase.js","packageURL":"https://www.gstatic.com/firebasejs/9.8.3/firebase.tgz"},"live":{"version":"9.8","browserURL":"https://www.gstatic.com/firebasejs/live/9.8/firebase.js","packageURL":"https://www.gstatic.com/firebasejs/live/9.8/firebase.tgz"},"components":{"analytics":"https://www.gstatic.com/firebasejs/9.8.3/firebase-analytics.js","app":"https://www.gstatic.com/firebasejs/9.8.3/firebase-app.js","app-check":"https://www.gstatic.com/firebasejs/9.8.3/firebase-app-check.js","auth":"https://www.gstatic.com/firebasejs/9.8.3/firebase-auth.js","auth/cordova":"https://www.gstatic.com/firebasejs/9.8.3/firebase-auth/cordova.js","auth/react-native":"https://www.gstatic.com/firebasejs/9.8.3/firebase-auth/react-native.js","functions":"https://www.gstatic.com/firebasejs/9.8.3/firebase-functions.js","firestore":"https://www.gstatic.com/firebasejs/9.8.3/firebase-firestore.js","firestore/lite":"https://www.gstatic.com/firebasejs/9.8.3/firebase-firestore/lite.js","storage":"https://www.gstatic.com/firebasejs/9.8.3/firebase-storage.js","performance":"https://www.gstatic.com/firebasejs/9.8.3/firebase-performance.js","remote-config":"https://www.gstatic.com/firebasejs/9.8.3/firebase-remote-config.js","messaging":"https://www.gstatic.com/firebasejs/9.8.3/firebase-messaging.js","messaging/sw":"https://www.gstatic.com/firebasejs/9.8.3/firebase-messaging/sw.js","database":"https://www.gstatic.com/firebasejs/9.8.3/firebase-database.js","firestore.memory":"https://www.gstatic.com/firebasejs/9.8.3/firebase-firestore.memory.js"}}
[info] +  Wrote build/index.html 
[info] 
[info] i  Writing configuration info to firebase.json... 
[info] i  Writing project information to .firebaserc... 
[info] 
[info] +  Firebase initialization complete! 
